  Ui Part (Bank System OPP).cpp
D:\C++\my projects (course 11)\Ui Part (Bank System OPP)\clsString.h(39,25): warning C4267: 'return': conversion from 'size_t' to 'short', possible loss of data
  (compiling source file 'Ui%20Part%20(Bank%20System%20OPP).cpp')
  
D:\C++\my projects (course 11)\Ui Part (Bank System OPP)\clsString.h(44,29): warning C4267: 'return': conversion from 'size_t' to 'short', possible loss of data
  (compiling source file 'Ui%20Part%20(Bank%20System%20OPP).cpp')
  
D:\C++\my projects (course 11)\Ui Part (Bank System OPP)\clsString.h(56,30): warning C4267: '=': conversion from 'size_t' to 'short', possible loss of data
  (compiling source file 'Ui%20Part%20(Bank%20System%20OPP).cpp')
  
D:\C++\my projects (course 11)\Ui Part (Bank System OPP)\clsString.h(193,29): warning C4267: 'return': conversion from 'size_t' to 'short', possible loss of data
  (compiling source file 'Ui%20Part%20(Bank%20System%20OPP).cpp')
  
D:\C++\my projects (course 11)\Ui Part (Bank System OPP)\clsString.h(324,30): warning C4267: '=': conversion from 'size_t' to 'short', possible loss of data
  (compiling source file 'Ui%20Part%20(Bank%20System%20OPP).cpp')
  
D:\C++\my projects (course 11)\Ui Part (Bank System OPP)\clsString.h(372,22): warning C4267: 'initializing': conversion from 'size_t' to 'short', possible loss of data
  (compiling source file 'Ui%20Part%20(Bank%20System%20OPP).cpp')
  
D:\C++\my projects (course 11)\Ui Part (Bank System OPP)\clsUtil.h(64,5): warning C4102: 'defualt': unreferenced label
  (compiling source file 'Ui%20Part%20(Bank%20System%20OPP).cpp')
  
D:\C++\my projects (course 11)\Ui Part (Bank System OPP)\clsUser.h(198,12): warning C4240: nonstandard extension used: access to 'clsUser::stLoginRegisterRecord' now defined to be 'public', previously it was defined to be 'private'
  (compiling source file 'Ui%20Part%20(Bank%20System%20OPP).cpp')
      D:\C++\my projects (course 11)\Ui Part (Bank System OPP)\clsUser.h(26,12):
      see declaration of 'clsUser::stLoginRegisterRecord'
  
D:\C++\my projects (course 11)\Ui Part (Bank System OPP)\clsInputValidate.h(115,16): warning C4244: 'initializing': conversion from 'double' to 'float', possible loss of data
  (compiling source file 'Ui%20Part%20(Bank%20System%20OPP).cpp')
  
D:\C++\my projects (course 11)\Ui Part (Bank System OPP)\clsInputValidate.h(119,26): warning C4244: '=': conversion from 'double' to 'float', possible loss of data
  (compiling source file 'Ui%20Part%20(Bank%20System%20OPP).cpp')
  
D:\C++\my projects (course 11)\Ui Part (Bank System OPP)\clsBankClient.h(206,12): warning C4240: nonstandard extension used: access to 'clsBankClient::stTrnsferLogRecord' now defined to be 'public', previously it was defined to be 'private'
  (compiling source file 'Ui%20Part%20(Bank%20System%20OPP).cpp')
      D:\C++\my projects (course 11)\Ui Part (Bank System OPP)\clsBankClient.h(152,12):
      see declaration of 'clsBankClient::stTrnsferLogRecord'
  
D:\C++\my projects (course 11)\Ui Part (Bank System OPP)\clsBankClient.h(28,65): warning C4244: 'argument': conversion from 'double' to 'float', possible loss of data
  (compiling source file 'Ui%20Part%20(Bank%20System%20OPP).cpp')
  
D:\C++\my projects (course 11)\Ui Part (Bank System OPP)\clsBankClient.h(162,39): warning C4244: '=': conversion from 'double' to 'float', possible loss of data
  (compiling source file 'Ui%20Part%20(Bank%20System%20OPP).cpp')
  
D:\C++\my projects (course 11)\Ui Part (Bank System OPP)\clsBankClient.h(163,48): warning C4244: '=': conversion from 'double' to 'float', possible loss of data
  (compiling source file 'Ui%20Part%20(Bank%20System%20OPP).cpp')
  
D:\C++\my projects (course 11)\Ui Part (Bank System OPP)\clsBankClient.h(164,49): warning C4244: '=': conversion from 'double' to 'float', possible loss of data
  (compiling source file 'Ui%20Part%20(Bank%20System%20OPP).cpp')
  
D:\C++\my projects (course 11)\Ui Part (Bank System OPP)\clsBankClient.h(421,28): warning C4244: '+=': conversion from 'double' to 'float', possible loss of data
  (compiling source file 'Ui%20Part%20(Bank%20System%20OPP).cpp')
  
D:\C++\my projects (course 11)\Ui Part (Bank System OPP)\clsBankClient.h(434,32): warning C4244: '-=': conversion from 'double' to 'float', possible loss of data
  (compiling source file 'Ui%20Part%20(Bank%20System%20OPP).cpp')
  
D:\C++\my projects (course 11)\Ui Part (Bank System OPP)\clsAddNewClientScreen.h(31,66): warning C4244: 'argument': conversion from 'double' to 'float', possible loss of data
  (compiling source file 'Ui%20Part%20(Bank%20System%20OPP).cpp')
  
D:\C++\my projects (course 11)\Ui Part (Bank System OPP)\clsUpdateClientScreen.h(47,66): warning C4244: 'argument': conversion from 'double' to 'float', possible loss of data
  (compiling source file 'Ui%20Part%20(Bank%20System%20OPP).cpp')
  
D:\C++\my projects (course 11)\Ui Part (Bank System OPP)\clsTotalBalancesScreen.h(57,76): warning C4244: 'argument': conversion from 'double' to 'int', possible loss of data
  (compiling source file 'Ui%20Part%20(Bank%20System%20OPP).cpp')
  
D:\C++\my projects (course 11)\Ui Part (Bank System OPP)\clsTransfer.h(42,51): warning C4244: '=': conversion from 'double' to 'float', possible loss of data
  (compiling source file 'Ui%20Part%20(Bank%20System%20OPP).cpp')
  
D:\C++\my projects (course 11)\Ui Part (Bank System OPP)\clsTransfer.h(47,53): warning C4244: '=': conversion from 'double' to 'float', possible loss of data
  (compiling source file 'Ui%20Part%20(Bank%20System%20OPP).cpp')
  
D:\C++\my projects (course 11)\Ui Part (Bank System OPP)\clsCurrency.h(27,17): warning C4244: 'argument': conversion from 'double' to 'float', possible loss of data
  (compiling source file 'Ui%20Part%20(Bank%20System%20OPP).cpp')
  
D:\C++\my projects (course 11)\Ui Part (Bank System OPP)\clsUpdateCurrencyRateScreen.h(18,50): warning C4244: '=': conversion from 'double' to 'float', possible loss of data
  (compiling source file 'Ui%20Part%20(Bank%20System%20OPP).cpp')
  
D:\C++\my projects (course 11)\Ui Part (Bank System OPP)\clsCurrencyCalculatorScreen.h(17,51): warning C4244: '=': conversion from 'double' to 'float', possible loss of data
  (compiling source file 'Ui%20Part%20(Bank%20System%20OPP).cpp')
  
D:\C++\my projects (course 11)\Ui Part (Bank System OPP)\clsBankClient.h(376,1): warning C4715: 'clsBankClient::Save': not all control paths return a value
D:\C++\my projects (course 11)\Ui Part (Bank System OPP)\clsUser.h(360,1): warning C4715: 'clsUser::Save': not all control paths return a value
D:\C++\my projects (course 11)\Ui Part (Bank System OPP)\clsBankClient.h(438,1): warning C4715: 'clsBankClient::Withdraw': not all control paths return a value
  Ui Part (Bank System OPP).vcxproj -> D:\C++\my projects (course 11)\Ui Part (Bank System OPP)\x64\Debug\Ui Part (Bank System OPP).exe
